Determining if the pthread_create exist failed with the following output:
Change Dir: /home/huier/Projects/comp6211c/catkin_ws/src/pf_example/build/CMakeFiles/CMakeTmp

Run Build Command:"/usr/bin/make" "cmTC_f555d/fast"
/usr/bin/make -f CMakeFiles/cmTC_f555d.dir/build.make CMakeFiles/cmTC_f555d.dir/build
make[1]: Entering directory '/home/huier/Projects/comp6211c/catkin_ws/src/pf_example/build/CMakeFiles/CMakeTmp'
Building C object CMakeFiles/cmTC_f555d.dir/CheckSymbolExists.c.o
/usr/bin/cc    -o CMakeFiles/cmTC_f555d.dir/CheckSymbolExists.c.o   -c /home/huier/Projects/comp6211c/catkin_ws/src/pf_example/build/CMakeFiles/CMakeTmp/CheckSymbolExists.c
Linking C executable cmTC_f555d
/usr/local/bin/cmake -E cmake_link_script CMakeFiles/cmTC_f555d.dir/link.txt --verbose=1
/usr/bin/cc      -rdynamic CMakeFiles/cmTC_f555d.dir/CheckSymbolExists.c.o  -o cmTC_f555d 
CMakeFiles/cmTC_f555d.dir/CheckSymbolExists.c.o: In function `main':
CheckSymbolExists.c:(.text+0x16): undefined reference to `pthread_create'
collect2: error: ld returned 1 exit status
CMakeFiles/cmTC_f555d.dir/build.make:97: recipe for target 'cmTC_f555d' failed
make[1]: *** [cmTC_f555d] Error 1
make[1]: Leaving directory '/home/huier/Projects/comp6211c/catkin_ws/src/pf_example/build/CMakeFiles/CMakeTmp'
Makefile:126: recipe for target 'cmTC_f555d/fast' failed
make: *** [cmTC_f555d/fast] Error 2

File /home/huier/Projects/comp6211c/catkin_ws/src/pf_example/build/CMakeFiles/CMakeTmp/CheckSymbolExists.c:
/* */
#include <pthread.h>

int main(int argc, char** argv)
{
  (void)argv;
#ifndef pthread_create
  return ((int*)(&pthread_create))[argc];
#else
  (void)argc;
  return 0;
#endif
}

Determining if the function pthread_create exists in the pthreads failed with the following output:
Change Dir: /home/huier/Projects/comp6211c/catkin_ws/src/pf_example/build/CMakeFiles/CMakeTmp

Run Build Command:"/usr/bin/make" "cmTC_0f8e8/fast"
/usr/bin/make -f CMakeFiles/cmTC_0f8e8.dir/build.make CMakeFiles/cmTC_0f8e8.dir/build
make[1]: Entering directory '/home/huier/Projects/comp6211c/catkin_ws/src/pf_example/build/CMakeFiles/CMakeTmp'
Building C object CMakeFiles/cmTC_0f8e8.dir/CheckFunctionExists.c.o
/usr/bin/cc   -DCHECK_FUNCTION_EXISTS=pthread_create   -o CMakeFiles/cmTC_0f8e8.dir/CheckFunctionExists.c.o   -c /usr/local/share/cmake-3.10/Modules/CheckFunctionExists.c
Linking C executable cmTC_0f8e8
/usr/local/bin/cmake -E cmake_link_script CMakeFiles/cmTC_0f8e8.dir/link.txt --verbose=1
/usr/bin/cc  -DCHECK_FUNCTION_EXISTS=pthread_create    -rdynamic CMakeFiles/cmTC_0f8e8.dir/CheckFunctionExists.c.o  -o cmTC_0f8e8 -lpthreads 
/usr/bin/ld: cannot find -lpthreads
collect2: error: ld returned 1 exit status
CMakeFiles/cmTC_0f8e8.dir/build.make:97: recipe for target 'cmTC_0f8e8' failed
make[1]: *** [cmTC_0f8e8] Error 1
make[1]: Leaving directory '/home/huier/Projects/comp6211c/catkin_ws/src/pf_example/build/CMakeFiles/CMakeTmp'
Makefile:126: recipe for target 'cmTC_0f8e8/fast' failed
make: *** [cmTC_0f8e8/fast] Error 2


